<?xml version="1.0" encoding="UTF-8"?>
<testsuite name="unittest.loader._FailedTest-20260419135656" tests="2" file="unittest/loader.py" time="0.002" timestamp="2026-04-19T13:56:56" failures="0" errors="2" skipped="0">
	<testcase classname="unittest.loader._FailedTest" name="test_register_project_tests" time="0.001" timestamp="2026-04-19T13:56:56">
		<error type="ImportError" message="Failed to import test module: test_register_project_tests
Traceback (most recent call last):
  File &quot;/Library/Frameworks/Python.framework/Versions/3.11/lib/python3.11/unittest/loader.py&quot;, line 154, in loadTestsFromName
    module = __import__(module_name)
             ^^^^^^^^^^^^^^^^^^^^^^^
  File &quot;/Users/linusmunn/PycharmProjects/G87.2026.T15.GE3/src/unittest/python/test_register_project_tests.py&quot;, line 9, in &lt;module&gt;
    from freezegun import freeze_time
ModuleNotFoundError: No module named 'freezegun'
"><![CDATA[Traceback (most recent call last):
  File "/Library/Frameworks/Python.framework/Versions/3.11/lib/python3.11/unittest/case.py", line 57, in testPartExecutor
    yield
  File "/Library/Frameworks/Python.framework/Versions/3.11/lib/python3.11/unittest/case.py", line 623, in run
    self._callTestMethod(testMethod)
    ^^^^^^^^^^^^^^^^^
  File "/Library/Frameworks/Python.framework/Versions/3.11/lib/python3.11/unittest/case.py", line 579, in _callTestMethod
    if method() is not None:
    ^^^^^^^^^^^^^^^^^
  File "/Library/Frameworks/Python.framework/Versions/3.11/lib/python3.11/unittest/loader.py", line 34, in testFailure
    raise self._exception
    ^^^^^^^^^^^^^^^^^
ImportError: Failed to import test module: test_register_project_tests
Traceback (most recent call last):
  File "/Library/Frameworks/Python.framework/Versions/3.11/lib/python3.11/unittest/loader.py", line 154, in loadTestsFromName
    module = __import__(module_name)
             ^^^^^^^^^^^^^^^^^^^^^^^
  File "/Users/linusmunn/PycharmProjects/G87.2026.T15.GE3/src/unittest/python/test_register_project_tests.py", line 9, in <module>
    from freezegun import freeze_time
ModuleNotFoundError: No module named 'freezegun'

]]></error>
	</testcase>
	<testcase classname="unittest.loader._FailedTest" name="test_documents_repor_tests" time="0.001" timestamp="2026-04-19T13:56:56">
		<error type="ImportError" message="Failed to import test module: test_documents_repor_tests
Traceback (most recent call last):
  File &quot;/Library/Frameworks/Python.framework/Versions/3.11/lib/python3.11/unittest/loader.py&quot;, line 154, in loadTestsFromName
    module = __import__(module_name)
             ^^^^^^^^^^^^^^^^^^^^^^^
  File &quot;/Users/linusmunn/PycharmProjects/G87.2026.T15.GE3/src/unittest/python/test_documents_repor_tests.py&quot;, line 9, in &lt;module&gt;
    from freezegun import freeze_time
ModuleNotFoundError: No module named 'freezegun'
"><![CDATA[Traceback (most recent call last):
  File "/Library/Frameworks/Python.framework/Versions/3.11/lib/python3.11/unittest/case.py", line 57, in testPartExecutor
    yield
  File "/Library/Frameworks/Python.framework/Versions/3.11/lib/python3.11/unittest/case.py", line 623, in run
    self._callTestMethod(testMethod)
    ^^^^^^^^^^^^^^^^^
  File "/Library/Frameworks/Python.framework/Versions/3.11/lib/python3.11/unittest/case.py", line 579, in _callTestMethod
    if method() is not None:
    ^^^^^^^^^^^^^^^^^
  File "/Library/Frameworks/Python.framework/Versions/3.11/lib/python3.11/unittest/loader.py", line 34, in testFailure
    raise self._exception
    ^^^^^^^^^^^^^^^^^
ImportError: Failed to import test module: test_documents_repor_tests
Traceback (most recent call last):
  File "/Library/Frameworks/Python.framework/Versions/3.11/lib/python3.11/unittest/loader.py", line 154, in loadTestsFromName
    module = __import__(module_name)
             ^^^^^^^^^^^^^^^^^^^^^^^
  File "/Users/linusmunn/PycharmProjects/G87.2026.T15.GE3/src/unittest/python/test_documents_repor_tests.py", line 9, in <module>
    from freezegun import freeze_time
ModuleNotFoundError: No module named 'freezegun'

]]></error>
	</testcase>
</testsuite>
